Determining if the pthread_create exist failed with the following output:
Change Dir: /home/GTL/qzhang/catkin_ws/build/CMakeFiles/CMakeTmp

Run Build Command:"/usr/bin/make" "cmTC_ff77d/fast"
/usr/bin/make -f CMakeFiles/cmTC_ff77d.dir/build.make CMakeFiles/cmTC_ff77d.dir/build
make[1]: Entering directory '/home/GTL/qzhang/catkin_ws/build/CMakeFiles/CMakeTmp'
Building C object CMakeFiles/cmTC_ff77d.dir/CheckSymbolExists.c.o
/usr/bin/cc     -o CMakeFiles/cmTC_ff77d.dir/CheckSymbolExists.c.o   -c /home/GTL/qzhang/catkin_ws/build/CMakeFiles/CMakeTmp/CheckSymbolExists.c
Linking C executable cmTC_ff77d
/usr/bin/cmake -E cmake_link_script CMakeFiles/cmTC_ff77d.dir/link.txt --verbose=1
/usr/bin/cc       CMakeFiles/cmTC_ff77d.dir/CheckSymbolExists.c.o  -o cmTC_ff77d -rdynamic 
CMakeFiles/cmTC_ff77d.dir/CheckSymbolExists.c.o: In function `main':
CheckSymbolExists.c:(.text+0x16): undefined reference to `pthread_create'
collect2: error: ld returned 1 exit status
CMakeFiles/cmTC_ff77d.dir/build.make:97: recipe for target 'cmTC_ff77d' failed
make[1]: *** [cmTC_ff77d] Error 1
make[1]: Leaving directory '/home/GTL/qzhang/catkin_ws/build/CMakeFiles/CMakeTmp'
Makefile:126: recipe for target 'cmTC_ff77d/fast' failed
make: *** [cmTC_ff77d/fast] Error 2

File /home/GTL/qzhang/catkin_ws/build/CMakeFiles/CMakeTmp/CheckSymbolExists.c:
/* */
#include <pthread.h>

int main(int argc, char** argv)
{
  (void)argv;
#ifndef pthread_create
  return ((int*)(&pthread_create))[argc];
#else
  (void)argc;
  return 0;
#endif
}

Determining if the function pthread_create exists in the pthreads failed with the following output:
Change Dir: /home/GTL/qzhang/catkin_ws/build/CMakeFiles/CMakeTmp

Run Build Command:"/usr/bin/make" "cmTC_001ea/fast"
/usr/bin/make -f CMakeFiles/cmTC_001ea.dir/build.make CMakeFiles/cmTC_001ea.dir/build
make[1]: Entering directory '/home/GTL/qzhang/catkin_ws/build/CMakeFiles/CMakeTmp'
Building C object CMakeFiles/cmTC_001ea.dir/CheckFunctionExists.c.o
/usr/bin/cc    -DCHECK_FUNCTION_EXISTS=pthread_create   -o CMakeFiles/cmTC_001ea.dir/CheckFunctionExists.c.o   -c /usr/share/cmake-3.5/Modules/CheckFunctionExists.c
Linking C executable cmTC_001ea
/usr/bin/cmake -E cmake_link_script CMakeFiles/cmTC_001ea.dir/link.txt --verbose=1
/usr/bin/cc   -DCHECK_FUNCTION_EXISTS=pthread_create    CMakeFiles/cmTC_001ea.dir/CheckFunctionExists.c.o  -o cmTC_001ea -rdynamic -lpthreads 
/usr/bin/ld: cannot find -lpthreads
collect2: error: ld returned 1 exit status
CMakeFiles/cmTC_001ea.dir/build.make:97: recipe for target 'cmTC_001ea' failed
make[1]: *** [cmTC_001ea] Error 1
make[1]: Leaving directory '/home/GTL/qzhang/catkin_ws/build/CMakeFiles/CMakeTmp'
Makefile:126: recipe for target 'cmTC_001ea/fast' failed
make: *** [cmTC_001ea/fast] Error 2


